<?xml version="1.0" encoding="utf-8"?><testsuites name="pytest tests"><testsuite name="pytest" errors="0" failures="0" skipped="0" tests="3" time="23.564" timestamp="2025-09-28T14:56:18.675231+13:00" hostname="Sophies-Laptop"><testcase classname="backend.tests.test_retrain_model" name="test_upload_new_dataset_triggers_retrain_and_saves_model" time="8.914" /><testcase classname="backend.tests.test_retrain_model" name="test_future_predictions_use_latest_model" time="6.701" /><testcase classname="backend.tests.test_retrain_model" name="test_upload_rejects_wrong_filetype_in_own_way" time="6.972" /></testsuite></testsuites>