<?xml version="1.0" encoding="utf-8"?><testsuites name="pytest tests"><testsuite name="pytest" errors="0" failures="0" skipped="0" tests="3" time="28.064" timestamp="2025-09-28T16:14:45.557860+13:00" hostname="Sophies-Laptop"><testcase classname="backend.tests.test_prediction_logging" name="test_logs_prediction_with_user_id" time="16.412" /><testcase classname="backend.tests.test_prediction_logging" name="test_logs_prediction_with_default_user_id_when_missing" time="5.599" /><testcase classname="backend.tests.test_prediction_logging" name="test_logger_not_called_on_validation_error" time="5.375" /></testsuite></testsuites>